$Id: change.log,v 1.6 2001-03-22 08:39:44 peter Exp $
 =[ history ]========================================================
  ! и √ - испpавлена ошибка
       - небольшое изменение
      ■ - новая возможность

 =[ 2001-03-22 v0-1]=====================================
  bp2000.sch схема датирована 2000-09-12
  bp2000.pcb
 =[ 2001-03-22 v0-2]=====================================
  bp2001.sch схема датирована 2000-10-30
  bp2001.pcb (все переименовываем в bp2000)
  bp2000.xls спецификация
 =[ 2001-03-22 v0-3]=====================================
  изменены
  bp2001.sch схема датирована 2000-12-06
  bp2001.pcb (все переименовываем в bp2000)
  bp2000.xls спецификация
 =[ 2001-03-22 v0-4]=====================================
  изменены
  bp2002.pcb схема датирована 2001-02-12
  данная версия отправлена в Ульяновск
  все переименовываем в bp2000
   Требования к производству при изготовлении печатной платы - 
  файл Bp2002.pcb (bp2000.pcb)

  · Плата размером 85*95 мм.
  · Минимальная ширина проводников - 10 mils.(0.25 мм).
  · Минимальные зазоры между проводниками, площадками и т.п. 10 mils.(0.25 мм).
  · Минимальные зазоры между площадками и паяльной маской 4 mils.(0.1 мм).
  · Минимальные ширина паяльной маски 4 mils.(0.1 мм)(между ламелями).
  · Минимальное переходное отверстие - 0.5 мм при площадке 1 мм.
  · Минимальная ширина ободка площадки 0.2 мм. 
  · Фрезерование контура платы.
 
   Информация о 'разводке' печатной паты - 
  Файл Bp2002.pcb(bp2000.pcb) (PCAD - версия 4.5)
   Информация распределяется по слоям следующим образом:
  1. контур платы в слое - BRDOUT.
  2. расположение элементов в верхнем слое - в слое: SKLTOP.
  3. расположение элементов в нижнем слое  - в слое: SKLBOT.
  4. верхний слой металлизации - в слоях: COMP,PINTOP,PADCOM.
  5. нижний слой метализации   - в слоях: SOLDER,PINBOT,PADCOM.
  6. маска верхнего слоя       - в слоях: MSKGTP,MSKFTP,SLDMSK.
  7. маска нижнего слоя        - в слоях: MSKGBT,MSKFBT,SLDMSK.
  8. сверление закодированное значками - в слоях: DETL.

  Информация по сверлению печатной платы находится в таблице.

  Номер         Условное       Диаметр     Наличие        Минимальный 
контактной     обозначение    отверстия   метализации      диаметр 
 площадки       отверстия        мм.      в отверстиях    контактной 
  в PCAD				                  площадки мм.

   0			       0,5-0,1       есть	      1,0
  1,6                          0,9-0,1       есть	      1,5
   7	                   1,1(-0,15+0,05)   есть	      2,0
   4	                   7,5(-0,2+0,1)     нет	      __
